	{ 10, 0x37,    0 }, // 0000110111
	{  3, 0x02,    1 }, // 010
	{  2, 0x03,    2 }, // 11
	{  2, 0x02,    3 }, // 10
	{  3, 0x03,    4 }, // 011
	{  4, 0x03,    5 }, // 0011
	{  4, 0x02,    6 }, // 0010
	{  5, 0x03,    7 }, // 00011
	{  6, 0x05,    8 }, // 000101
	{  6, 0x04,    9 }, // 000100
	{  7, 0x04,   10 }, // 0000100
	{  7, 0x05,   11 }, // 0000101
	{  7, 0x07,   12 }, // 0000111
	{  8, 0x04,   13 }, // 00000100
	{  8, 0x07,   14 }, // 00000111
	{  9, 0x18,   15 }, // 000011000
	{ 10, 0x17,   16 }, // 0000010111
	{ 10, 0x18,   17 }, // 0000011000
	{ 10, 0x08,   18 }, // 0000001000
	{ 11, 0x67,   19 }, // 00001100111
	{ 11, 0x68,   20 }, // 00001101000
	{ 11, 0x6c,   21 }, // 00001101100
	{ 11, 0x37,   22 }, // 00000110111
	{ 11, 0x28,   23 }, // 00000101000
	{ 11, 0x17,   24 }, // 00000010111
	{ 11, 0x18,   25 }, // 00000011000
	{ 12, 0xca,   26 }, // 000011001010
	{ 12, 0xcb,   27 }, // 000011001011
	{ 12, 0xcc,   28 }, // 000011001100
	{ 12, 0xcd,   29 }, // 000011001101
	{ 12, 0x68,   30 }, // 000001101000
	{ 12, 0x69,   31 }, // 000001101001
	{ 12, 0x6a,   32 }, // 000001101010
	{ 12, 0x6b,   33 }, // 000001101011
	{ 12, 0xd2,   34 }, // 000011010010
	{ 12, 0xd3,   35 }, // 000011010011
	{ 12, 0xd4,   36 }, // 000011010100
	{ 12, 0xd5,   37 }, // 000011010101
	{ 12, 0xd6,   38 }, // 000011010110
	{ 12, 0xd7,   39 }, // 000011010111
	{ 12, 0x6c,   40 }, // 000001101100
	{ 12, 0x6d,   41 }, // 000001101101
	{ 12, 0xda,   42 }, // 000011011010
	{ 12, 0xdb,   43 }, // 000011011011
	{ 12, 0x54,   44 }, // 000001010100
	{ 12, 0x55,   45 }, // 000001010101
	{ 12, 0x56,   46 }, // 000001010110
	{ 12, 0x57,   47 }, // 000001010111
	{ 12, 0x64,   48 }, // 000001100100
	{ 12, 0x65,   49 }, // 000001100101
	{ 12, 0x52,   50 }, // 000001010010
	{ 12, 0x53,   51 }, // 000001010011
	{ 12, 0x24,   52 }, // 000000100100
	{ 12, 0x37,   53 }, // 000000110111
	{ 12, 0x38,   54 }, // 000000111000
	{ 12, 0x27,   55 }, // 000000100111
	{ 12, 0x28,   56 }, // 000000101000
	{ 12, 0x58,   57 }, // 000001011000
	{ 12, 0x59,   58 }, // 000001011001
	{ 12, 0x2b,   59 }, // 000000101011
	{ 12, 0x2c,   60 }, // 000000101100
	{ 12, 0x5a,   61 }, // 000001011010
	{ 12, 0x66,   62 }, // 000001100110
	{ 12, 0x67,   63 }, // 000001100111
	{ 10, 0x0f,   64 }, // 0000001111
	{ 12, 0xc8,  128 }, // 000011001000
	{ 12, 0xc9,  192 }, // 000011001001
	{ 12, 0x5b,  256 }, // 000001011011
	{ 12, 0x33,  320 }, // 000000110011
	{ 12, 0x34,  384 }, // 000000110100
	{ 12, 0x35,  448 }, // 000000110101
	{ 13, 0x6c,  512 }, // 0000001101100
	{ 13, 0x6d,  576 }, // 0000001101101
	{ 13, 0x4a,  640 }, // 0000001001010
	{ 13, 0x4b,  704 }, // 0000001001011
	{ 13, 0x4c,  768 }, // 0000001001100
	{ 13, 0x4d,  832 }, // 0000001001101
	{ 13, 0x72,  896 }, // 0000001110010
	{ 13, 0x73,  960 }, // 0000001110011
	{ 13, 0x74, 1024 }, // 0000001110100
	{ 13, 0x75, 1088 }, // 0000001110101
	{ 13, 0x76, 1152 }, // 0000001110110
	{ 13, 0x77, 1216 }, // 0000001110111
	{ 13, 0x52, 1280 }, // 0000001010010
	{ 13, 0x53, 1344 }, // 0000001010011
	{ 13, 0x54, 1408 }, // 0000001010100
	{ 13, 0x55, 1472 }, // 0000001010101
	{ 13, 0x5a, 1536 }, // 0000001011010
	{ 13, 0x5b, 1600 }, // 0000001011011
	{ 13, 0x64, 1664 }, // 0000001100100
	{ 13, 0x65, 1728 }, // 0000001100101
	{ 11, 0x08, 1792 }, // 00000001000
	{ 11, 0x0c, 1856 }, // 00000001100
	{ 11, 0x0d, 1920 }, // 00000001101
	{ 12, 0x12, 1984 }, // 000000010010
	{ 12, 0x13, 2048 }, // 000000010011
	{ 12, 0x14, 2112 }, // 000000010100
	{ 12, 0x15, 2176 }, // 000000010101
	{ 12, 0x16, 2240 }, // 000000010110
	{ 12, 0x17, 2304 }, // 000000010111
	{ 12, 0x1c, 2368 }, // 000000011100
	{ 12, 0x1d, 2432 }, // 000000011101
	{ 12, 0x1e, 2496 }, // 000000011110
	{ 12, 0x1f, 2560 }, // 000000011111
