	{  8, 0x35,    0 }, // 00110101
	{  6, 0x07,    1 }, // 000111
	{  4, 0x07,    2 }, // 0111
	{  4, 0x08,    3 }, // 1000
	{  4, 0x0b,    4 }, // 1011
	{  4, 0x0c,    5 }, // 1100
	{  4, 0x0e,    6 }, // 1110
	{  4, 0x0f,    7 }, // 1111
	{  5, 0x13,    8 }, // 10011
	{  5, 0x14,    9 }, // 10100
	{  5, 0x07,   10 }, // 00111
	{  5, 0x08,   11 }, // 01000
	{  6, 0x08,   12 }, // 001000
	{  6, 0x03,   13 }, // 000011
	{  6, 0x34,   14 }, // 110100
	{  6, 0x35,   15 }, // 110101
	{  6, 0x2a,   16 }, // 101010
	{  6, 0x2b,   17 }, // 101011
	{  7, 0x27,   18 }, // 0100111
	{  7, 0x0c,   19 }, // 0001100
	{  7, 0x08,   20 }, // 0001000
	{  7, 0x17,   21 }, // 0010111
	{  7, 0x03,   22 }, // 0000011
	{  7, 0x04,   23 }, // 0000100
	{  7, 0x28,   24 }, // 0101000
	{  7, 0x2b,   25 }, // 0101011
	{  7, 0x13,   26 }, // 0010011
	{  7, 0x24,   27 }, // 0100100
	{  7, 0x18,   28 }, // 0011000
	{  8, 0x02,   29 }, // 00000010
	{  8, 0x03,   30 }, // 00000011
	{  8, 0x1a,   31 }, // 00011010
	{  8, 0x1b,   32 }, // 00011011
	{  8, 0x12,   33 }, // 00010010
	{  8, 0x13,   34 }, // 00010011
	{  8, 0x14,   35 }, // 00010100
	{  8, 0x15,   36 }, // 00010101
	{  8, 0x16,   37 }, // 00010110
	{  8, 0x17,   38 }, // 00010111
	{  8, 0x28,   39 }, // 00101000
	{  8, 0x29,   40 }, // 00101001
	{  8, 0x2a,   41 }, // 00101010
	{  8, 0x2b,   42 }, // 00101011
	{  8, 0x2c,   43 }, // 00101100
	{  8, 0x2d,   44 }, // 00101101
	{  8, 0x04,   45 }, // 00000100
	{  8, 0x05,   46 }, // 00000101
	{  8, 0x0a,   47 }, // 00001010
	{  8, 0x0b,   48 }, // 00001011
	{  8, 0x52,   49 }, // 01010010
	{  8, 0x53,   50 }, // 01010011
	{  8, 0x54,   51 }, // 01010100
	{  8, 0x55,   52 }, // 01010101
	{  8, 0x24,   53 }, // 00100100
	{  8, 0x25,   54 }, // 00100101
	{  8, 0x58,   55 }, // 01011000
	{  8, 0x59,   56 }, // 01011001
	{  8, 0x5a,   57 }, // 01011010
	{  8, 0x5b,   58 }, // 01011011
	{  8, 0x4a,   59 }, // 01001010
	{  8, 0x4b,   60 }, // 01001011
	{  8, 0x32,   61 }, // 00110010
	{  8, 0x33,   62 }, // 00110011
	{  8, 0x34,   63 }, // 00110100
	{  5, 0x1b,   64 }, // 11011
	{  5, 0x12,  128 }, // 10010
	{  6, 0x17,  192 }, // 010111
	{  7, 0x37,  256 }, // 0110111
	{  8, 0x36,  320 }, // 00110110
	{  8, 0x37,  384 }, // 00110111
	{  8, 0x64,  448 }, // 01100100
	{  8, 0x65,  512 }, // 01100101
	{  8, 0x68,  576 }, // 01101000
	{  8, 0x67,  640 }, // 01100111
	{  9, 0xcc,  704 }, // 011001100
	{  9, 0xcd,  768 }, // 011001101
	{  9, 0xd2,  832 }, // 011010010
	{  9, 0xd3,  896 }, // 011010011
	{  9, 0xd4,  960 }, // 011010100
	{  9, 0xd5, 1024 }, // 011010101
	{  9, 0xd6, 1088 }, // 011010110
	{  9, 0xd7, 1152 }, // 011010111
	{  9, 0xd8, 1216 }, // 011011000
	{  9, 0xd9, 1280 }, // 011011001
	{  9, 0xda, 1344 }, // 011011010
	{  9, 0xdb, 1408 }, // 011011011
	{  9, 0x98, 1472 }, // 010011000
	{  9, 0x99, 1536 }, // 010011001
	{  9, 0x9a, 1600 }, // 010011010
	{  6, 0x18, 1664 }, // 011000
	{  9, 0x9b, 1728 }, // 010011011
	{ 11, 0x08, 1792 }, // 00000001000
	{ 11, 0x0c, 1856 }, // 00000001100
	{ 11, 0x0d, 1920 }, // 00000001101
	{ 12, 0x12, 1984 }, // 000000010010
	{ 12, 0x13, 2048 }, // 000000010011
	{ 12, 0x14, 2112 }, // 000000010100
	{ 12, 0x15, 2176 }, // 000000010101
	{ 12, 0x16, 2240 }, // 000000010110
	{ 12, 0x17, 2304 }, // 000000010111
	{ 12, 0x1c, 2368 }, // 000000011100
	{ 12, 0x1d, 2432 }, // 000000011101
	{ 12, 0x1e, 2496 }, // 000000011110
	{ 12, 0x1f, 2560 }, // 000000011111
